# JRE version: OpenJDK Runtime Environment (8.0_242-b01) (build 1.8.0_242-release-1644-b01)
# Java VM: OpenJDK 64-Bit Server VM (25.242-b01 mixed mode windows-amd64 compressed oops)
Heap:
 PSYoungGen      total 118784K, used 6561K [0x00000000d5580000, 0x00000000e0c80000, 0x0000000100000000)
  eden space 60416K, 0% used [0x00000000d5580000,0x00000000d5580000,0x00000000d9080000)
  from space 58368K, 11% used [0x00000000d9080000,0x00000000d96e85a0,0x00000000dc980000)
  to   space 57856K, 0% used [0x00000000dd400000,0x00000000dd400000,0x00000000e0c80000)
 ParOldGen       total 168448K, used 167796K [0x0000000080000000, 0x000000008a480000, 0x00000000d5580000)
  object space 168448K, 99% used [0x0000000080000000,0x000000008a3dd3d0,0x000000008a480000)
 Metaspace       used 88166K, capacity 92468K, committed 92712K, reserved 1130496K
  class space    used 11689K, capacity 12515K, committed 12592K, reserved 1048576K
GC Heap History (10 events):
Event: 2220.232 GC heap after
Heap after GC invocations=67 (full 6):
 PSYoungGen      total 94720K, used 14205K [0x00000000d5580000, 0x00000000dda00000, 0x0000000100000000)
  eden space 55808K, 0% used [0x00000000d5580000,0x00000000d5580000,0x00000000d8c00000)
  from space 38912K, 36% used [0x00000000d8c00000,0x00000000d99df4f0,0x00000000db200000)
  to   space 36864K, 0% used [0x00000000db600000,0x00000000db600000,0x00000000dda00000)
 ParOldGen       total 146944K, used 97037K [0x0000000080000000, 0x0000000088f80000, 0x00000000d5580000)
  object space 146944K, 66% used [0x0000000080000000,0x0000000085ec36e0,0x0000000088f80000)
 Metaspace       used 87956K, capacity 92166K, committed 92456K, reserved 1128448K
  class space    used 11681K, capacity 12500K, committed 12592K, reserved 1048576K
}
Event: 2225.260 GC heap before
{Heap before GC invocations=68 (full 6):
 PSYoungGen      total 94720K, used 69881K [0x00000000d5580000, 0x00000000dda00000, 0x0000000100000000)
  eden space 55808K, 99% used [0x00000000d5580000,0x00000000d8bdf0d0,0x00000000d8c00000)
  from space 38912K, 36% used [0x00000000d8c00000,0x00000000d99df4f0,0x00000000db200000)
  to   space 36864K, 0% used [0x00000000db600000,0x00000000db600000,0x00000000dda00000)
 ParOldGen       total 146944K, used 97037K [0x0000000080000000, 0x0000000088f80000, 0x00000000d5580000)
  object space 146944K, 66% used [0x0000000080000000,0x0000000085ec36e0,0x0000000088f80000)
 Metaspace       used 88141K, capacity 92400K, committed 92712K, reserved 1130496K
  class space    used 11689K, capacity 12515K, committed 12592K, reserved 1048576K
Event: 2225.427 GC heap after
Heap after GC invocations=68 (full 6):
 PSYoungGen      total 97792K, used 21753K [0x00000000d5580000, 0x00000000dd980000, 0x0000000100000000)
  eden space 61440K, 0% used [0x00000000d5580000,0x00000000d5580000,0x00000000d9180000)
  from space 36352K, 59% used [0x00000000db600000,0x00000000dcb3e4f0,0x00000000dd980000)
  to   space 36864K, 0% used [0x00000000d9180000,0x00000000d9180000,0x00000000db580000)
 ParOldGen       total 146944K, used 97705K [0x0000000080000000, 0x0000000088f80000, 0x00000000d5580000)
  object space 146944K, 66% used [0x0000000080000000,0x0000000085f6a740,0x0000000088f80000)
 Metaspace       used 88141K, capacity 92400K, committed 92712K, reserved 1130496K
  class space    used 11689K, capacity 12515K, committed 12592K, reserved 1048576K
}
Event: 2226.590 GC heap before
{Heap before GC invocations=69 (full 6):
 PSYoungGen      total 97792K, used 83193K [0x00000000d5580000, 0x00000000dd980000, 0x0000000100000000)
  eden space 61440K, 100% used [0x00000000d5580000,0x00000000d9180000,0x00000000d9180000)
  from space 36352K, 59% used [0x00000000db600000,0x00000000dcb3e4f0,0x00000000dd980000)
  to   space 36864K, 0% used [0x00000000d9180000,0x00000000d9180000,0x00000000db580000)
 ParOldGen       total 146944K, used 97705K [0x0000000080000000, 0x0000000088f80000, 0x00000000d5580000)
  object space 146944K, 66% used [0x0000000080000000,0x0000000085f6a740,0x0000000088f80000)
 Metaspace       used 88148K, capacity 92404K, committed 92712K, reserved 1130496K
  class space    used 11689K, capacity 12515K, committed 12592K, reserved 1048576K
Event: 2229.576 GC heap after
Heap after GC invocations=69 (full 6):
 PSYoungGen      total 98304K, used 36845K [0x00000000d5580000, 0x00000000df780000, 0x0000000100000000)
  eden space 61440K, 0% used [0x00000000d5580000,0x00000000d5580000,0x00000000d9180000)
  from space 36864K, 99% used [0x00000000d9180000,0x00000000db57b588,0x00000000db580000)
  to   space 47104K, 0% used [0x00000000dc980000,0x00000000dc980000,0x00000000df780000)
 ParOldGen       total 146944K, used 110157K [0x0000000080000000, 0x0000000088f80000, 0x00000000d5580000)
  object space 146944K, 74% used [0x0000000080000000,0x0000000086b93760,0x0000000088f80000)
 Metaspace       used 88148K, capacity 92404K, committed 92712K, reserved 1130496K
  class space    used 11689K, capacity 12515K, committed 12592K, reserved 1048576K
}
Event: 2230.831 GC heap before
{Heap before GC invocations=70 (full 6):
 PSYoungGen      total 98304K, used 98285K [0x00000000d5580000, 0x00000000df780000, 0x0000000100000000)
  eden space 61440K, 100% used [0x00000000d5580000,0x00000000d9180000,0x00000000d9180000)
  from space 36864K, 99% used [0x00000000d9180000,0x00000000db57b588,0x00000000db580000)
  to   space 47104K, 0% used [0x00000000dc980000,0x00000000dc980000,0x00000000df780000)
 ParOldGen       total 146944K, used 110157K [0x0000000080000000, 0x0000000088f80000, 0x00000000d5580000)
  object space 146944K, 74% used [0x0000000080000000,0x0000000086b93760,0x0000000088f80000)
 Metaspace       used 88161K, capacity 92468K, committed 92712K, reserved 1130496K
  class space    used 11689K, capacity 12515K, committed 12592K, reserved 1048576K
Event: 2231.334 GC heap after
Heap after GC invocations=70 (full 6):
 PSYoungGen      total 107520K, used 47092K [0x00000000d5580000, 0x00000000e0d80000, 0x0000000100000000)
  eden space 60416K, 0% used [0x00000000d5580000,0x00000000d5580000,0x00000000d9080000)
  from space 47104K, 99% used [0x00000000dc980000,0x00000000df77d278,0x00000000df780000)
  to   space 58368K, 0% used [0x00000000d9080000,0x00000000d9080000,0x00000000dc980000)
 ParOldGen       total 146944K, used 120577K [0x0000000080000000, 0x0000000088f80000, 0x00000000d5580000)
  object space 146944K, 82% used [0x0000000080000000,0x00000000875c0608,0x0000000088f80000)
 Metaspace       used 88161K, capacity 92468K, committed 92712K, reserved 1130496K
  class space    used 11689K, capacity 12515K, committed 12592K, reserved 1048576K
}
Event: 2231.843 GC heap before
{Heap before GC invocations=71 (full 6):
 PSYoungGen      total 107520K, used 107508K [0x00000000d5580000, 0x00000000e0d80000, 0x0000000100000000)
  eden space 60416K, 100% used [0x00000000d5580000,0x00000000d9080000,0x00000000d9080000)
  from space 47104K, 99% used [0x00000000dc980000,0x00000000df77d278,0x00000000df780000)
  to   space 58368K, 0% used [0x00000000d9080000,0x00000000d9080000,0x00000000dc980000)
 ParOldGen       total 146944K, used 120577K [0x0000000080000000, 0x0000000088f80000, 0x00000000d5580000)
  object space 146944K, 82% used [0x0000000080000000,0x00000000875c0608,0x0000000088f80000)
 Metaspace       used 88166K, capacity 92468K, committed 92712K, reserved 1130496K
  class space    used 11689K, capacity 12515K, committed 12592K, reserved 1048576K
Event: 2233.511 GC heap after
Heap after GC invocations=71 (full 6):
 PSYoungGen      total 118784K, used 6561K [0x00000000d5580000, 0x00000000e0c80000, 0x0000000100000000)
  eden space 60416K, 0% used [0x00000000d5580000,0x00000000d5580000,0x00000000d9080000)
  from space 58368K, 11% used [0x00000000d9080000,0x00000000d96e85a0,0x00000000dc980000)
  to   space 57856K, 0% used [0x00000000dd400000,0x00000000dd400000,0x00000000e0c80000)
 ParOldGen       total 168448K, used 167796K [0x0000000080000000, 0x000000008a480000, 0x00000000d5580000)
  object space 168448K, 99% used [0x0000000080000000,0x000000008a3dd3d0,0x000000008a480000)
 Metaspace       used 88166K, capacity 92468K, committed 92712K, reserved 1130496K
  class space    used 11689K, capacity 12515K, committed 12592K, reserved 1048576K
}
Event: 2233.528 GC heap before
{Heap before GC invocations=72 (full 7):
 PSYoungGen      total 118784K, used 6561K [0x00000000d5580000, 0x00000000e0c80000, 0x0000000100000000)
  eden space 60416K, 0% used [0x00000000d5580000,0x00000000d5580000,0x00000000d9080000)
  from space 58368K, 11% used [0x00000000d9080000,0x00000000d96e85a0,0x00000000dc980000)
  to   space 57856K, 0% used [0x00000000dd400000,0x00000000dd400000,0x00000000e0c80000)
 ParOldGen       total 168448K, used 167796K [0x0000000080000000, 0x000000008a480000, 0x00000000d5580000)
  object space 168448K, 99% used [0x0000000080000000,0x000000008a3dd3d0,0x000000008a480000)
 Metaspace       used 88166K, capacity 92468K, committed 92712K, reserved 1130496K
  class space    used 11689K, capacity 12515K, committed 12592K, reserved 1048576K

