# JRE version: OpenJDK Runtime Environment (8.0_242-b01) (build 1.8.0_242-release-1644-b01)
# Java VM: OpenJDK 64-Bit Server VM (25.242-b01 mixed mode windows-amd64 compressed oops)
Heap:
 PSYoungGen      total 184320K, used 139099K [0x00000000d5580000, 0x00000000e4280000, 0x0000000100000000)
  eden space 141312K, 83% used [0x00000000d5580000,0x00000000dc8f18d8,0x00000000ddf80000)
  from space 43008K, 48% used [0x00000000ddf80000,0x00000000df3e5388,0x00000000e0980000)
  to   space 41984K, 0% used [0x00000000e1980000,0x00000000e1980000,0x00000000e4280000)
 ParOldGen       total 217088K, used 120972K [0x0000000080000000, 0x000000008d400000, 0x00000000d5580000)
  object space 217088K, 55% used [0x0000000080000000,0x0000000087623390,0x000000008d400000)
 Metaspace       used 86393K, capacity 90208K, committed 90536K, reserved 1128448K
  class space    used 11582K, capacity 12375K, committed 12464K, reserved 1048576K
GC Heap History (10 events):
Event: 63.629 GC heap before
{Heap before GC invocations=29 (full 4):
 PSYoungGen      total 129536K, used 24567K [0x00000000d5580000, 0x00000000e2c00000, 0x0000000100000000)
  eden space 104960K, 0% used [0x00000000d5580000,0x00000000d5580000,0x00000000dbc00000)
  from space 24576K, 99% used [0x00000000dbc00000,0x00000000dd3fdde0,0x00000000dd400000)
  to   space 46592K, 0% used [0x00000000dfe80000,0x00000000dfe80000,0x00000000e2c00000)
 ParOldGen       total 109056K, used 87261K [0x0000000080000000, 0x0000000086a80000, 0x00000000d5580000)
  object space 109056K, 80% used [0x0000000080000000,0x0000000085537500,0x0000000086a80000)
 Metaspace       used 76104K, capacity 79760K, committed 79912K, reserved 1118208K
  class space    used 10493K, capacity 11233K, committed 11312K, reserved 1048576K
Event: 64.381 GC heap after
Heap after GC invocations=29 (full 4):
 PSYoungGen      total 129536K, used 0K [0x00000000d5580000, 0x00000000e2c00000, 0x0000000100000000)
  eden space 104960K, 0% used [0x00000000d5580000,0x00000000d5580000,0x00000000dbc00000)
  from space 24576K, 0% used [0x00000000dbc00000,0x00000000dbc00000,0x00000000dd400000)
  to   space 46592K, 0% used [0x00000000dfe80000,0x00000000dfe80000,0x00000000e2c00000)
 ParOldGen       total 217088K, used 102234K [0x0000000080000000, 0x000000008d400000, 0x00000000d5580000)
  object space 217088K, 47% used [0x0000000080000000,0x00000000863d6868,0x000000008d400000)
 Metaspace       used 75996K, capacity 79460K, committed 79912K, reserved 1118208K
  class space    used 10459K, capacity 11173K, committed 11312K, reserved 1048576K
}
Event: 67.906 GC heap before
{Heap before GC invocations=30 (full 4):
 PSYoungGen      total 129536K, used 104960K [0x00000000d5580000, 0x00000000e2c00000, 0x0000000100000000)
  eden space 104960K, 100% used [0x00000000d5580000,0x00000000dbc00000,0x00000000dbc00000)
  from space 24576K, 0% used [0x00000000dbc00000,0x00000000dbc00000,0x00000000dd400000)
  to   space 46592K, 0% used [0x00000000dfe80000,0x00000000dfe80000,0x00000000e2c00000)
 ParOldGen       total 217088K, used 102234K [0x0000000080000000, 0x000000008d400000, 0x00000000d5580000)
  object space 217088K, 47% used [0x0000000080000000,0x00000000863d6868,0x000000008d400000)
 Metaspace       used 76196K, capacity 79690K, committed 80168K, reserved 1118208K
  class space    used 10462K, capacity 11174K, committed 11312K, reserved 1048576K
Event: 67.954 GC heap after
Heap after GC invocations=30 (full 4):
 PSYoungGen      total 169984K, used 26593K [0x00000000d5580000, 0x00000000e2b80000, 0x0000000100000000)
  eden space 123904K, 0% used [0x00000000d5580000,0x00000000d5580000,0x00000000dce80000)
  from space 46080K, 57% used [0x00000000dfe80000,0x00000000e1878590,0x00000000e2b80000)
  to   space 47616K, 0% used [0x00000000dce80000,0x00000000dce80000,0x00000000dfd00000)
 ParOldGen       total 217088K, used 102242K [0x0000000080000000, 0x000000008d400000, 0x00000000d5580000)
  object space 217088K, 47% used [0x0000000080000000,0x00000000863d8868,0x000000008d400000)
 Metaspace       used 76196K, capacity 79690K, committed 80168K, reserved 1118208K
  class space    used 10462K, capacity 11174K, committed 11312K, reserved 1048576K
}
Event: 72.777 GC heap before
{Heap before GC invocations=31 (full 4):
 PSYoungGen      total 169984K, used 150285K [0x00000000d5580000, 0x00000000e2b80000, 0x0000000100000000)
  eden space 123904K, 99% used [0x00000000d5580000,0x00000000dce4aed8,0x00000000dce80000)
  from space 46080K, 57% used [0x00000000dfe80000,0x00000000e1878590,0x00000000e2b80000)
  to   space 47616K, 0% used [0x00000000dce80000,0x00000000dce80000,0x00000000dfd00000)
 ParOldGen       total 217088K, used 102242K [0x0000000080000000, 0x000000008d400000, 0x00000000d5580000)
  object space 217088K, 47% used [0x0000000080000000,0x00000000863d8868,0x000000008d400000)
 Metaspace       used 79684K, capacity 83278K, committed 83368K, reserved 1120256K
  class space    used 10901K, capacity 11642K, committed 11696K, reserved 1048576K
Event: 72.804 GC heap after
Heap after GC invocations=31 (full 4):
 PSYoungGen      total 171520K, used 12811K [0x00000000d5580000, 0x00000000e3a00000, 0x0000000100000000)
  eden space 123904K, 0% used [0x00000000d5580000,0x00000000d5580000,0x00000000dce80000)
  from space 47616K, 26% used [0x00000000dce80000,0x00000000ddb02e28,0x00000000dfd00000)
  to   space 45056K, 0% used [0x00000000e0e00000,0x00000000e0e00000,0x00000000e3a00000)
 ParOldGen       total 217088K, used 112084K [0x0000000080000000, 0x000000008d400000, 0x00000000d5580000)
  object space 217088K, 51% used [0x0000000080000000,0x0000000086d753e0,0x000000008d400000)
 Metaspace       used 79684K, capacity 83278K, committed 83368K, reserved 1120256K
  class space    used 10901K, capacity 11642K, committed 11696K, reserved 1048576K
}
Event: 115.998 GC heap before
{Heap before GC invocations=32 (full 4):
 PSYoungGen      total 171520K, used 136715K [0x00000000d5580000, 0x00000000e3a00000, 0x0000000100000000)
  eden space 123904K, 100% used [0x00000000d5580000,0x00000000dce80000,0x00000000dce80000)
  from space 47616K, 26% used [0x00000000dce80000,0x00000000ddb02e28,0x00000000dfd00000)
  to   space 45056K, 0% used [0x00000000e0e00000,0x00000000e0e00000,0x00000000e3a00000)
 ParOldGen       total 217088K, used 112084K [0x0000000080000000, 0x000000008d400000, 0x00000000d5580000)
  object space 217088K, 51% used [0x0000000080000000,0x0000000086d753e0,0x000000008d400000)
 Metaspace       used 85946K, capacity 89772K, committed 90024K, reserved 1126400K
  class space    used 11577K, capacity 12367K, committed 12464K, reserved 1048576K
Event: 116.035 GC heap after
Heap after GC invocations=32 (full 4):
 PSYoungGen      total 179712K, used 12493K [0x00000000d5580000, 0x00000000e3380000, 0x0000000100000000)
  eden space 141312K, 0% used [0x00000000d5580000,0x00000000d5580000,0x00000000ddf80000)
  from space 38400K, 32% used [0x00000000e0e00000,0x00000000e1a336f0,0x00000000e3380000)
  to   space 43008K, 0% used [0x00000000ddf80000,0x00000000ddf80000,0x00000000e0980000)
 ParOldGen       total 217088K, used 120964K [0x0000000080000000, 0x000000008d400000, 0x00000000d5580000)
  object space 217088K, 55% used [0x0000000080000000,0x0000000087621390,0x000000008d400000)
 Metaspace       used 85946K, capacity 89772K, committed 90024K, reserved 1126400K
  class space    used 11577K, capacity 12367K, committed 12464K, reserved 1048576K
}
Event: 133.130 GC heap before
{Heap before GC invocations=33 (full 4):
 PSYoungGen      total 179712K, used 150362K [0x00000000d5580000, 0x00000000e3380000, 0x0000000100000000)
  eden space 141312K, 97% used [0x00000000d5580000,0x00000000ddc231b0,0x00000000ddf80000)
  from space 38400K, 32% used [0x00000000e0e00000,0x00000000e1a336f0,0x00000000e3380000)
  to   space 43008K, 0% used [0x00000000ddf80000,0x00000000ddf80000,0x00000000e0980000)
 ParOldGen       total 217088K, used 120964K [0x0000000080000000, 0x000000008d400000, 0x00000000d5580000)
  object space 217088K, 55% used [0x0000000080000000,0x0000000087621390,0x000000008d400000)
 Metaspace       used 86388K, capacity 90208K, committed 90536K, reserved 1128448K
  class space    used 11582K, capacity 12375K, committed 12464K, reserved 1048576K
Event: 133.184 GC heap after
Heap after GC invocations=33 (full 4):
 PSYoungGen      total 184320K, used 20884K [0x00000000d5580000, 0x00000000e4280000, 0x0000000100000000)
  eden space 141312K, 0% used [0x00000000d5580000,0x00000000d5580000,0x00000000ddf80000)
  from space 43008K, 48% used [0x00000000ddf80000,0x00000000df3e5388,0x00000000e0980000)
  to   space 41984K, 0% used [0x00000000e1980000,0x00000000e1980000,0x00000000e4280000)
 ParOldGen       total 217088K, used 120972K [0x0000000080000000, 0x000000008d400000, 0x00000000d5580000)
  object space 217088K, 55% used [0x0000000080000000,0x0000000087623390,0x000000008d400000)
 Metaspace       used 86388K, capacity 90208K, committed 90536K, reserved 1128448K
  class space    used 11582K, capacity 12375K, committed 12464K, reserved 1048576K
}

