# JRE version: OpenJDK Runtime Environment (8.0_242-b01) (build 1.8.0_242-release-1644-b01)
# Java VM: OpenJDK 64-Bit Server VM (25.242-b01 mixed mode windows-amd64 compressed oops)
Heap:
 PSYoungGen      total 528896K, used 175699K [0x00000000d5580000, 0x00000000fac80000, 0x0000000100000000)
  eden space 457728K, 34% used [0x00000000d5580000,0x00000000deef5f18,0x00000000f1480000)
  from space 71168K, 26% used [0x00000000f6700000,0x00000000f791ef48,0x00000000fac80000)
  to   space 77824K, 0% used [0x00000000f1480000,0x00000000f1480000,0x00000000f6080000)
 ParOldGen       total 215552K, used 150522K [0x0000000080000000, 0x000000008d280000, 0x00000000d5580000)
  object space 215552K, 69% used [0x0000000080000000,0x00000000892fe818,0x000000008d280000)
 Metaspace       used 95887K, capacity 103210K, committed 103336K, reserved 1138688K
  class space    used 12402K, capacity 13642K, committed 13736K, reserved 1048576K
GC Heap History (10 events):
Event: 3468.842 GC heap before
{Heap before GC invocations=55 (full 5):
 PSYoungGen      total 445952K, used 421028K [0x00000000d5580000, 0x00000000f9300000, 0x0000000100000000)
  eden space 355840K, 100% used [0x00000000d5580000,0x00000000eb100000,0x00000000eb100000)
  from space 90112K, 72% used [0x00000000eb100000,0x00000000ef0a9088,0x00000000f0900000)
  to   space 96768K, 0% used [0x00000000f3480000,0x00000000f3480000,0x00000000f9300000)
 ParOldGen       total 215552K, used 150370K [0x0000000080000000, 0x000000008d280000, 0x00000000d5580000)
  object space 215552K, 69% used [0x0000000080000000,0x00000000892d8818,0x000000008d280000)
 Metaspace       used 94204K, capacity 99788K, committed 100008K, reserved 1136640K
  class space    used 12148K, capacity 13171K, committed 13224K, reserved 1048576K
Event: 3469.122 GC heap after
Heap after GC invocations=55 (full 5):
 PSYoungGen      total 475136K, used 12815K [0x00000000d5580000, 0x00000000f8980000, 0x0000000100000000)
  eden space 388096K, 0% used [0x00000000d5580000,0x00000000d5580000,0x00000000ed080000)
  from space 87040K, 14% used [0x00000000f3480000,0x00000000f4103cb0,0x00000000f8980000)
  to   space 94720K, 0% used [0x00000000ed080000,0x00000000ed080000,0x00000000f2d00000)
 ParOldGen       total 215552K, used 150498K [0x0000000080000000, 0x000000008d280000, 0x00000000d5580000)
  object space 215552K, 69% used [0x0000000080000000,0x00000000892f8818,0x000000008d280000)
 Metaspace       used 94204K, capacity 99788K, committed 100008K, reserved 1136640K
  class space    used 12148K, capacity 13171K, committed 13224K, reserved 1048576K
}
Event: 3535.540 GC heap before
{Heap before GC invocations=56 (full 5):
 PSYoungGen      total 475136K, used 400911K [0x00000000d5580000, 0x00000000f8980000, 0x0000000100000000)
  eden space 388096K, 100% used [0x00000000d5580000,0x00000000ed080000,0x00000000ed080000)
  from space 87040K, 14% used [0x00000000f3480000,0x00000000f4103cb0,0x00000000f8980000)
  to   space 94720K, 0% used [0x00000000ed080000,0x00000000ed080000,0x00000000f2d00000)
 ParOldGen       total 215552K, used 150498K [0x0000000080000000, 0x000000008d280000, 0x00000000d5580000)
  object space 215552K, 69% used [0x0000000080000000,0x00000000892f8818,0x000000008d280000)
 Metaspace       used 94283K, capacity 100006K, committed 100264K, reserved 1136640K
  class space    used 12149K, capacity 13174K, committed 13224K, reserved 1048576K
Event: 3537.338 GC heap after
Heap after GC invocations=56 (full 5):
 PSYoungGen      total 482816K, used 13243K [0x00000000d5580000, 0x00000000fa980000, 0x0000000100000000)
  eden space 388096K, 0% used [0x00000000d5580000,0x00000000d5580000,0x00000000ed080000)
  from space 94720K, 13% used [0x00000000ed080000,0x00000000edd6ec80,0x00000000f2d00000)
  to   space 91648K, 0% used [0x00000000f5000000,0x00000000f5000000,0x00000000fa980000)
 ParOldGen       total 215552K, used 150506K [0x0000000080000000, 0x000000008d280000, 0x00000000d5580000)
  object space 215552K, 69% used [0x0000000080000000,0x00000000892fa818,0x000000008d280000)
 Metaspace       used 94283K, capacity 100006K, committed 100264K, reserved 1136640K
  class space    used 12149K, capacity 13174K, committed 13224K, reserved 1048576K
}
Event: 4166.453 GC heap before
{Heap before GC invocations=57 (full 5):
 PSYoungGen      total 482816K, used 401339K [0x00000000d5580000, 0x00000000fa980000, 0x0000000100000000)
  eden space 388096K, 100% used [0x00000000d5580000,0x00000000ed080000,0x00000000ed080000)
  from space 94720K, 13% used [0x00000000ed080000,0x00000000edd6ec80,0x00000000f2d00000)
  to   space 91648K, 0% used [0x00000000f5000000,0x00000000f5000000,0x00000000fa980000)
 ParOldGen       total 215552K, used 150506K [0x0000000080000000, 0x000000008d280000, 0x00000000d5580000)
  object space 215552K, 69% used [0x0000000080000000,0x00000000892fa818,0x000000008d280000)
 Metaspace       used 95469K, capacity 102528K, committed 102696K, reserved 1138688K
  class space    used 12371K, capacity 13583K, committed 13608K, reserved 1048576K
Event: 4173.391 GC heap after
Heap after GC invocations=57 (full 5):
 PSYoungGen      total 503296K, used 28456K [0x00000000d5580000, 0x00000000f9c80000, 0x0000000100000000)
  eden space 424960K, 0% used [0x00000000d5580000,0x00000000d5580000,0x00000000ef480000)
  from space 78336K, 36% used [0x00000000f5000000,0x00000000f6bca1a0,0x00000000f9c80000)
  to   space 86016K, 0% used [0x00000000ef480000,0x00000000ef480000,0x00000000f4880000)
 ParOldGen       total 215552K, used 150506K [0x0000000080000000, 0x000000008d280000, 0x00000000d5580000)
  object space 215552K, 69% used [0x0000000080000000,0x00000000892fa818,0x000000008d280000)
 Metaspace       used 95469K, capacity 102528K, committed 102696K, reserved 1138688K
  class space    used 12371K, capacity 13583K, committed 13608K, reserved 1048576K
}
Event: 4616.572 GC heap before
{Heap before GC invocations=58 (full 5):
 PSYoungGen      total 503296K, used 449189K [0x00000000d5580000, 0x00000000f9c80000, 0x0000000100000000)
  eden space 424960K, 99% used [0x00000000d5580000,0x00000000ef05f568,0x00000000ef480000)
  from space 78336K, 36% used [0x00000000f5000000,0x00000000f6bca1a0,0x00000000f9c80000)
  to   space 86016K, 0% used [0x00000000ef480000,0x00000000ef480000,0x00000000f4880000)
 ParOldGen       total 215552K, used 150506K [0x0000000080000000, 0x000000008d280000, 0x00000000d5580000)
  object space 215552K, 69% used [0x0000000080000000,0x00000000892fa818,0x000000008d280000)
 Metaspace       used 95747K, capacity 103012K, committed 103336K, reserved 1138688K
  class space    used 12402K, capacity 13641K, committed 13736K, reserved 1048576K
Event: 4618.620 GC heap after
Heap after GC invocations=58 (full 5):
 PSYoungGen      total 510976K, used 30985K [0x00000000d5580000, 0x00000000fb600000, 0x0000000100000000)
  eden space 424960K, 0% used [0x00000000d5580000,0x00000000d5580000,0x00000000ef480000)
  from space 86016K, 36% used [0x00000000ef480000,0x00000000f12c2518,0x00000000f4880000)
  to   space 80896K, 0% used [0x00000000f6700000,0x00000000f6700000,0x00000000fb600000)
 ParOldGen       total 215552K, used 150514K [0x0000000080000000, 0x000000008d280000, 0x00000000d5580000)
  object space 215552K, 69% used [0x0000000080000000,0x00000000892fc818,0x000000008d280000)
 Metaspace       used 95747K, capacity 103012K, committed 103336K, reserved 1138688K
  class space    used 12402K, capacity 13641K, committed 13736K, reserved 1048576K
}
Event: 6748.992 GC heap before
{Heap before GC invocations=59 (full 5):
 PSYoungGen      total 510976K, used 455945K [0x00000000d5580000, 0x00000000fb600000, 0x0000000100000000)
  eden space 424960K, 100% used [0x00000000d5580000,0x00000000ef480000,0x00000000ef480000)
  from space 86016K, 36% used [0x00000000ef480000,0x00000000f12c2518,0x00000000f4880000)
  to   space 80896K, 0% used [0x00000000f6700000,0x00000000f6700000,0x00000000fb600000)
 ParOldGen       total 215552K, used 150514K [0x0000000080000000, 0x000000008d280000, 0x00000000d5580000)
  object space 215552K, 69% used [0x0000000080000000,0x00000000892fc818,0x000000008d280000)
 Metaspace       used 95878K, capacity 103210K, committed 103336K, reserved 1138688K
  class space    used 12402K, capacity 13642K, committed 13736K, reserved 1048576K
Event: 6761.146 GC heap after
Heap after GC invocations=59 (full 5):
 PSYoungGen      total 528896K, used 18555K [0x00000000d5580000, 0x00000000fac80000, 0x0000000100000000)
  eden space 457728K, 0% used [0x00000000d5580000,0x00000000d5580000,0x00000000f1480000)
  from space 71168K, 26% used [0x00000000f6700000,0x00000000f791ef48,0x00000000fac80000)
  to   space 77824K, 0% used [0x00000000f1480000,0x00000000f1480000,0x00000000f6080000)
 ParOldGen       total 215552K, used 150522K [0x0000000080000000, 0x000000008d280000, 0x00000000d5580000)
  object space 215552K, 69% used [0x0000000080000000,0x00000000892fe818,0x000000008d280000)
 Metaspace       used 95878K, capacity 103210K, committed 103336K, reserved 1138688K
  class space    used 12402K, capacity 13642K, committed 13736K, reserved 1048576K
}

