# JRE version: OpenJDK Runtime Environment (8.0_242-b01) (build 1.8.0_242-release-1644-b01)
# Java VM: OpenJDK 64-Bit Server VM (25.242-b01 mixed mode windows-amd64 compressed oops)
Heap:
 PSYoungGen      total 63488K, used 12845K [0x00000000d5580000, 0x00000000da380000, 0x0000000100000000)
  eden space 55296K, 9% used [0x00000000d5580000,0x00000000d5aae168,0x00000000d8b80000)
  from space 8192K, 92% used [0x00000000d8b80000,0x00000000d92dd418,0x00000000d9380000)
  to   space 9216K, 0% used [0x00000000d9a80000,0x00000000d9a80000,0x00000000da380000)
 ParOldGen       total 83968K, used 29505K [0x0000000080000000, 0x0000000085200000, 0x00000000d5580000)
  object space 83968K, 35% used [0x0000000080000000,0x0000000081cd0570,0x0000000085200000)
 Metaspace       used 59862K, capacity 62362K, committed 62632K, reserved 1103872K
  class space    used 8274K, capacity 8788K, committed 8880K, reserved 1048576K
GC Heap History (10 events):
Event: 51.086 GC heap before
{Heap before GC invocations=26 (full 2):
 PSYoungGen      total 48128K, used 45315K [0x00000000d5580000, 0x00000000d9580000, 0x0000000100000000)
  eden space 39936K, 100% used [0x00000000d5580000,0x00000000d7c80000,0x00000000d7c80000)
  from space 8192K, 65% used [0x00000000d7c80000,0x00000000d81c0e90,0x00000000d8480000)
  to   space 8192K, 0% used [0x00000000d8d80000,0x00000000d8d80000,0x00000000d9580000)
 ParOldGen       total 52224K, used 20526K [0x0000000080000000, 0x0000000083300000, 0x00000000d5580000)
  object space 52224K, 39% used [0x0000000080000000,0x000000008140b868,0x0000000083300000)
 Metaspace       used 51138K, capacity 52910K, committed 53160K, reserved 1095680K
  class space    used 6863K, capacity 7264K, committed 7344K, reserved 1048576K
Event: 51.098 GC heap after
Heap after GC invocations=26 (full 2):
 PSYoungGen      total 56320K, used 4988K [0x00000000d5580000, 0x00000000d9500000, 0x0000000100000000)
  eden space 48640K, 0% used [0x00000000d5580000,0x00000000d5580000,0x00000000d8500000)
  from space 7680K, 64% used [0x00000000d8d80000,0x00000000d925f038,0x00000000d9500000)
  to   space 8192K, 0% used [0x00000000d8500000,0x00000000d8500000,0x00000000d8d00000)
 ParOldGen       total 52224K, used 22912K [0x0000000080000000, 0x0000000083300000, 0x00000000d5580000)
  object space 52224K, 43% used [0x0000000080000000,0x00000000816601a8,0x0000000083300000)
 Metaspace       used 51138K, capacity 52910K, committed 53160K, reserved 1095680K
  class space    used 6863K, capacity 7264K, committed 7344K, reserved 1048576K
}
Event: 53.540 GC heap before
{Heap before GC invocations=27 (full 2):
 PSYoungGen      total 56320K, used 53628K [0x00000000d5580000, 0x00000000d9500000, 0x0000000100000000)
  eden space 48640K, 100% used [0x00000000d5580000,0x00000000d8500000,0x00000000d8500000)
  from space 7680K, 64% used [0x00000000d8d80000,0x00000000d925f038,0x00000000d9500000)
  to   space 8192K, 0% used [0x00000000d8500000,0x00000000d8500000,0x00000000d8d00000)
 ParOldGen       total 52224K, used 22912K [0x0000000080000000, 0x0000000083300000, 0x00000000d5580000)
  object space 52224K, 43% used [0x0000000080000000,0x00000000816601a8,0x0000000083300000)
 Metaspace       used 55130K, capacity 57186K, committed 57384K, reserved 1099776K
  class space    used 7528K, capacity 7956K, committed 7984K, reserved 1048576K
Event: 53.561 GC heap after
Heap after GC invocations=27 (full 2):
 PSYoungGen      total 56832K, used 5539K [0x00000000d5580000, 0x00000000d9d80000, 0x0000000100000000)
  eden space 48640K, 0% used [0x00000000d5580000,0x00000000d5580000,0x00000000d8500000)
  from space 8192K, 67% used [0x00000000d8500000,0x00000000d8a68df8,0x00000000d8d00000)
  to   space 8704K, 0% used [0x00000000d9500000,0x00000000d9500000,0x00000000d9d80000)
 ParOldGen       total 52224K, used 26041K [0x0000000080000000, 0x0000000083300000, 0x00000000d5580000)
  object space 52224K, 49% used [0x0000000080000000,0x000000008196e7f0,0x0000000083300000)
 Metaspace       used 55130K, capacity 57186K, committed 57384K, reserved 1099776K
  class space    used 7528K, capacity 7956K, committed 7984K, reserved 1048576K
}
Event: 59.365 GC heap before
{Heap before GC invocations=28 (full 2):
 PSYoungGen      total 56832K, used 27725K [0x00000000d5580000, 0x00000000d9d80000, 0x0000000100000000)
  eden space 48640K, 45% used [0x00000000d5580000,0x00000000d6b2a8a8,0x00000000d8500000)
  from space 8192K, 67% used [0x00000000d8500000,0x00000000d8a68df8,0x00000000d8d00000)
  to   space 8704K, 0% used [0x00000000d9500000,0x00000000d9500000,0x00000000d9d80000)
 ParOldGen       total 52224K, used 26041K [0x0000000080000000, 0x0000000083300000, 0x00000000d5580000)
  object space 52224K, 49% used [0x0000000080000000,0x000000008196e7f0,0x0000000083300000)
 Metaspace       used 57009K, capacity 59068K, committed 59160K, reserved 1099776K
  class space    used 7832K, capacity 8291K, committed 8368K, reserved 1048576K
Event: 59.373 GC heap after
Heap after GC invocations=28 (full 2):
 PSYoungGen      total 61952K, used 2362K [0x00000000d5580000, 0x00000000d9b80000, 0x0000000100000000)
  eden space 55296K, 0% used [0x00000000d5580000,0x00000000d5580000,0x00000000d8b80000)
  from space 6656K, 35% used [0x00000000d9500000,0x00000000d974ebb8,0x00000000d9b80000)
  to   space 8192K, 0% used [0x00000000d8b80000,0x00000000d8b80000,0x00000000d9380000)
 ParOldGen       total 52224K, used 28569K [0x0000000080000000, 0x0000000083300000, 0x00000000d5580000)
  object space 52224K, 54% used [0x0000000080000000,0x0000000081be6510,0x0000000083300000)
 Metaspace       used 57009K, capacity 59068K, committed 59160K, reserved 1099776K
  class space    used 7832K, capacity 8291K, committed 8368K, reserved 1048576K
}
Event: 59.374 GC heap before
{Heap before GC invocations=29 (full 3):
 PSYoungGen      total 61952K, used 2362K [0x00000000d5580000, 0x00000000d9b80000, 0x0000000100000000)
  eden space 55296K, 0% used [0x00000000d5580000,0x00000000d5580000,0x00000000d8b80000)
  from space 6656K, 35% used [0x00000000d9500000,0x00000000d974ebb8,0x00000000d9b80000)
  to   space 8192K, 0% used [0x00000000d8b80000,0x00000000d8b80000,0x00000000d9380000)
 ParOldGen       total 52224K, used 28569K [0x0000000080000000, 0x0000000083300000, 0x00000000d5580000)
  object space 52224K, 54% used [0x0000000080000000,0x0000000081be6510,0x0000000083300000)
 Metaspace       used 57009K, capacity 59068K, committed 59160K, reserved 1099776K
  class space    used 7832K, capacity 8291K, committed 8368K, reserved 1048576K
Event: 59.807 GC heap after
Heap after GC invocations=29 (full 3):
 PSYoungGen      total 61952K, used 0K [0x00000000d5580000, 0x00000000d9b80000, 0x0000000100000000)
  eden space 55296K, 0% used [0x00000000d5580000,0x00000000d5580000,0x00000000d8b80000)
  from space 6656K, 0% used [0x00000000d9500000,0x00000000d9500000,0x00000000d9b80000)
  to   space 8192K, 0% used [0x00000000d8b80000,0x00000000d8b80000,0x00000000d9380000)
 ParOldGen       total 83968K, used 29497K [0x0000000080000000, 0x0000000085200000, 0x00000000d5580000)
  object space 83968K, 35% used [0x0000000080000000,0x0000000081cce570,0x0000000085200000)
 Metaspace       used 56995K, capacity 59020K, committed 59160K, reserved 1099776K
  class space    used 7828K, capacity 8283K, committed 8368K, reserved 1048576K
}
Event: 63.466 GC heap before
{Heap before GC invocations=30 (full 3):
 PSYoungGen      total 61952K, used 55296K [0x00000000d5580000, 0x00000000d9b80000, 0x0000000100000000)
  eden space 55296K, 100% used [0x00000000d5580000,0x00000000d8b80000,0x00000000d8b80000)
  from space 6656K, 0% used [0x00000000d9500000,0x00000000d9500000,0x00000000d9b80000)
  to   space 8192K, 0% used [0x00000000d8b80000,0x00000000d8b80000,0x00000000d9380000)
 ParOldGen       total 83968K, used 29497K [0x0000000080000000, 0x0000000085200000, 0x00000000d5580000)
  object space 83968K, 35% used [0x0000000080000000,0x0000000081cce570,0x0000000085200000)
 Metaspace       used 59685K, capacity 62118K, committed 62376K, reserved 1103872K
  class space    used 8248K, capacity 8766K, committed 8880K, reserved 1048576K
Event: 63.481 GC heap after
Heap after GC invocations=30 (full 3):
 PSYoungGen      total 63488K, used 7541K [0x00000000d5580000, 0x00000000da380000, 0x0000000100000000)
  eden space 55296K, 0% used [0x00000000d5580000,0x00000000d5580000,0x00000000d8b80000)
  from space 8192K, 92% used [0x00000000d8b80000,0x00000000d92dd418,0x00000000d9380000)
  to   space 9216K, 0% used [0x00000000d9a80000,0x00000000d9a80000,0x00000000da380000)
 ParOldGen       total 83968K, used 29505K [0x0000000080000000, 0x0000000085200000, 0x00000000d5580000)
  object space 83968K, 35% used [0x0000000080000000,0x0000000081cd0570,0x0000000085200000)
 Metaspace       used 59685K, capacity 62118K, committed 62376K, reserved 1103872K
  class space    used 8248K, capacity 8766K, committed 8880K, reserved 1048576K
}

