# JRE version: OpenJDK Runtime Environment (8.0_242-b01) (build 1.8.0_242-release-1644-b01)
# Java VM: OpenJDK 64-Bit Server VM (25.242-b01 mixed mode windows-amd64 compressed oops)
Heap:
 PSYoungGen      total 24576K, used 2330K [0x00000000d5580000, 0x00000000d7a00000, 0x0000000100000000)
  eden space 22016K, 0% used [0x00000000d5580000,0x00000000d5580000,0x00000000d6b00000)
  from space 2560K, 91% used [0x00000000d6b80000,0x00000000d6dc6a80,0x00000000d6e00000)
  to   space 7680K, 0% used [0x00000000d7280000,0x00000000d7280000,0x00000000d7a00000)
 ParOldGen       total 65536K, used 8508K [0x0000000080000000, 0x0000000084000000, 0x00000000d5580000)
  object space 65536K, 12% used [0x0000000080000000,0x000000008084f348,0x0000000084000000)
 Metaspace       used 20588K, capacity 21236K, committed 21296K, reserved 1067008K
  class space    used 2880K, capacity 3088K, committed 3120K, reserved 1048576K
GC Heap History (10 events):
Event: 9.897 GC heap after
Heap after GC invocations=5 (full 0):
 PSYoungGen      total 28160K, used 4064K [0x00000000d5580000, 0x00000000d7b00000, 0x0000000100000000)
  eden space 24064K, 0% used [0x00000000d5580000,0x00000000d5580000,0x00000000d6d00000)
  from space 4096K, 99% used [0x00000000d6d80000,0x00000000d7178020,0x00000000d7180000)
  to   space 7168K, 0% used [0x00000000d7400000,0x00000000d7400000,0x00000000d7b00000)
 ParOldGen       total 65536K, used 4045K [0x0000000080000000, 0x0000000084000000, 0x00000000d5580000)
  object space 65536K, 6% used [0x0000000080000000,0x00000000803f3540,0x0000000084000000)
 Metaspace       used 13717K, capacity 14134K, committed 14336K, reserved 1060864K
  class space    used 1880K, capacity 2019K, committed 2048K, reserved 1048576K
}
Event: 12.234 GC heap before
{Heap before GC invocations=6 (full 0):
 PSYoungGen      total 28160K, used 28128K [0x00000000d5580000, 0x00000000d7b00000, 0x0000000100000000)
  eden space 24064K, 100% used [0x00000000d5580000,0x00000000d6d00000,0x00000000d6d00000)
  from space 4096K, 99% used [0x00000000d6d80000,0x00000000d7178020,0x00000000d7180000)
  to   space 7168K, 0% used [0x00000000d7400000,0x00000000d7400000,0x00000000d7b00000)
 ParOldGen       total 65536K, used 4045K [0x0000000080000000, 0x0000000084000000, 0x00000000d5580000)
  object space 65536K, 6% used [0x0000000080000000,0x00000000803f3540,0x0000000084000000)
 Metaspace       used 15764K, capacity 16254K, committed 16512K, reserved 1062912K
  class space    used 2130K, capacity 2321K, committed 2432K, reserved 1048576K
Event: 12.243 GC heap after
Heap after GC invocations=6 (full 0):
 PSYoungGen      total 30720K, used 6287K [0x00000000d5580000, 0x00000000d7b80000, 0x0000000100000000)
  eden space 23552K, 0% used [0x00000000d5580000,0x00000000d5580000,0x00000000d6c80000)
  from space 7168K, 87% used [0x00000000d7400000,0x00000000d7a23f10,0x00000000d7b00000)
  to   space 7680K, 0% used [0x00000000d6c80000,0x00000000d6c80000,0x00000000d7400000)
 ParOldGen       total 65536K, used 4053K [0x0000000080000000, 0x0000000084000000, 0x00000000d5580000)
  object space 65536K, 6% used [0x0000000080000000,0x00000000803f5540,0x0000000084000000)
 Metaspace       used 15764K, capacity 16254K, committed 16512K, reserved 1062912K
  class space    used 2130K, capacity 2321K, committed 2432K, reserved 1048576K
}
Event: 15.413 GC heap before
{Heap before GC invocations=7 (full 0):
 PSYoungGen      total 30720K, used 29839K [0x00000000d5580000, 0x00000000d7b80000, 0x0000000100000000)
  eden space 23552K, 100% used [0x00000000d5580000,0x00000000d6c80000,0x00000000d6c80000)
  from space 7168K, 87% used [0x00000000d7400000,0x00000000d7a23f10,0x00000000d7b00000)
  to   space 7680K, 0% used [0x00000000d6c80000,0x00000000d6c80000,0x00000000d7400000)
 ParOldGen       total 65536K, used 4053K [0x0000000080000000, 0x0000000084000000, 0x00000000d5580000)
  object space 65536K, 6% used [0x0000000080000000,0x00000000803f5540,0x0000000084000000)
 Metaspace       used 18263K, capacity 18854K, committed 19072K, reserved 1064960K
  class space    used 2509K, capacity 2671K, committed 2688K, reserved 1048576K
Event: 15.421 GC heap after
Heap after GC invocations=7 (full 0):
 PSYoungGen      total 29184K, used 5717K [0x00000000d5580000, 0x00000000d7b00000, 0x0000000100000000)
  eden space 23040K, 0% used [0x00000000d5580000,0x00000000d5580000,0x00000000d6c00000)
  from space 6144K, 93% used [0x00000000d6c80000,0x00000000d7215660,0x00000000d7280000)
  to   space 7680K, 0% used [0x00000000d7380000,0x00000000d7380000,0x00000000d7b00000)
 ParOldGen       total 65536K, used 5909K [0x0000000080000000, 0x0000000084000000, 0x00000000d5580000)
  object space 65536K, 9% used [0x0000000080000000,0x00000000805c55b0,0x0000000084000000)
 Metaspace       used 18263K, capacity 18854K, committed 19072K, reserved 1064960K
  class space    used 2509K, capacity 2671K, committed 2688K, reserved 1048576K
}
Event: 17.868 GC heap before
{Heap before GC invocations=8 (full 0):
 PSYoungGen      total 29184K, used 28757K [0x00000000d5580000, 0x00000000d7b00000, 0x0000000100000000)
  eden space 23040K, 100% used [0x00000000d5580000,0x00000000d6c00000,0x00000000d6c00000)
  from space 6144K, 93% used [0x00000000d6c80000,0x00000000d7215660,0x00000000d7280000)
  to   space 7680K, 0% used [0x00000000d7380000,0x00000000d7380000,0x00000000d7b00000)
 ParOldGen       total 65536K, used 5909K [0x0000000080000000, 0x0000000084000000, 0x00000000d5580000)
  object space 65536K, 9% used [0x0000000080000000,0x00000000805c55b0,0x0000000084000000)
 Metaspace       used 20232K, capacity 20910K, committed 20992K, reserved 1067008K
  class space    used 2829K, capacity 3023K, committed 3072K, reserved 1048576K
Event: 17.875 GC heap after
Heap after GC invocations=8 (full 0):
 PSYoungGen      total 29696K, used 4817K [0x00000000d5580000, 0x00000000d7a80000, 0x0000000100000000)
  eden space 22528K, 0% used [0x00000000d5580000,0x00000000d5580000,0x00000000d6b80000)
  from space 7168K, 67% used [0x00000000d7380000,0x00000000d7834730,0x00000000d7a80000)
  to   space 7680K, 0% used [0x00000000d6b80000,0x00000000d6b80000,0x00000000d7300000)
 ParOldGen       total 65536K, used 7309K [0x0000000080000000, 0x0000000084000000, 0x00000000d5580000)
  object space 65536K, 11% used [0x0000000080000000,0x0000000080723628,0x0000000084000000)
 Metaspace       used 20232K, capacity 20910K, committed 20992K, reserved 1067008K
  class space    used 2829K, capacity 3023K, committed 3072K, reserved 1048576K
}
Event: 18.092 GC heap before
{Heap before GC invocations=9 (full 0):
 PSYoungGen      total 29696K, used 10131K [0x00000000d5580000, 0x00000000d7a80000, 0x0000000100000000)
  eden space 22528K, 23% used [0x00000000d5580000,0x00000000d5ab05f0,0x00000000d6b80000)
  from space 7168K, 67% used [0x00000000d7380000,0x00000000d7834730,0x00000000d7a80000)
  to   space 7680K, 0% used [0x00000000d6b80000,0x00000000d6b80000,0x00000000d7300000)
 ParOldGen       total 65536K, used 7309K [0x0000000080000000, 0x0000000084000000, 0x00000000d5580000)
  object space 65536K, 11% used [0x0000000080000000,0x0000000080723628,0x0000000084000000)
 Metaspace       used 20588K, capacity 21236K, committed 21296K, reserved 1067008K
  class space    used 2880K, capacity 3088K, committed 3120K, reserved 1048576K
Event: 18.097 GC heap after
Heap after GC invocations=9 (full 0):
 PSYoungGen      total 24576K, used 2330K [0x00000000d5580000, 0x00000000d7a00000, 0x0000000100000000)
  eden space 22016K, 0% used [0x00000000d5580000,0x00000000d5580000,0x00000000d6b00000)
  from space 2560K, 91% used [0x00000000d6b80000,0x00000000d6dc6a80,0x00000000d6e00000)
  to   space 7680K, 0% used [0x00000000d7280000,0x00000000d7280000,0x00000000d7a00000)
 ParOldGen       total 65536K, used 8508K [0x0000000080000000, 0x0000000084000000, 0x00000000d5580000)
  object space 65536K, 12% used [0x0000000080000000,0x000000008084f348,0x0000000084000000)
 Metaspace       used 20588K, capacity 21236K, committed 21296K, reserved 1067008K
  class space    used 2880K, capacity 3088K, committed 3120K, reserved 1048576K
}
Event: 18.097 GC heap before
{Heap before GC invocations=10 (full 1):
 PSYoungGen      total 24576K, used 2330K [0x00000000d5580000, 0x00000000d7a00000, 0x0000000100000000)
  eden space 22016K, 0% used [0x00000000d5580000,0x00000000d5580000,0x00000000d6b00000)
  from space 2560K, 91% used [0x00000000d6b80000,0x00000000d6dc6a80,0x00000000d6e00000)
  to   space 7680K, 0% used [0x00000000d7280000,0x00000000d7280000,0x00000000d7a00000)
 ParOldGen       total 65536K, used 8508K [0x0000000080000000, 0x0000000084000000, 0x00000000d5580000)
  object space 65536K, 12% used [0x0000000080000000,0x000000008084f348,0x0000000084000000)
 Metaspace       used 20588K, capacity 21236K, committed 21296K, reserved 1067008K
  class space    used 2880K, capacity 3088K, committed 3120K, reserved 1048576K

