# JRE version: OpenJDK Runtime Environment (8.0_242-b01) (build 1.8.0_242-release-1644-b01)
# Java VM: OpenJDK 64-Bit Server VM (25.242-b01 mixed mode windows-amd64 compressed oops)
Heap:
 PSYoungGen      total 366080K, used 207635K [0x00000000d5580000, 0x00000000efa00000, 0x0000000100000000)
  eden space 336384K, 57% used [0x00000000d5580000,0x00000000e1227028,0x00000000e9e00000)
  from space 29696K, 48% used [0x00000000e9e00000,0x00000000eac1ddb8,0x00000000ebb00000)
  to   space 29696K, 0% used [0x00000000edd00000,0x00000000edd00000,0x00000000efa00000)
 ParOldGen       total 181248K, used 81169K [0x0000000080000000, 0x000000008b100000, 0x00000000d5580000)
  object space 181248K, 44% used [0x0000000080000000,0x0000000084f44450,0x000000008b100000)
 Metaspace       used 93436K, capacity 98052K, committed 98344K, reserved 1134592K
  class space    used 12148K, capacity 13036K, committed 13104K, reserved 1048576K
GC Heap History (10 events):
Event: 95.360 GC heap before
{Heap before GC invocations=43 (full 3):
 PSYoungGen      total 286720K, used 267543K [0x00000000d5580000, 0x00000000ea580000, 0x0000000100000000)
  eden space 265216K, 100% used [0x00000000d5580000,0x00000000e5880000,0x00000000e5880000)
  from space 21504K, 10% used [0x00000000e5880000,0x00000000e5ac5cd8,0x00000000e6d80000)
  to   space 20992K, 0% used [0x00000000e9100000,0x00000000e9100000,0x00000000ea580000)
 ParOldGen       total 112640K, used 96305K [0x0000000080000000, 0x0000000086e00000, 0x00000000d5580000)
  object space 112640K, 85% used [0x0000000080000000,0x0000000085e0c4e0,0x0000000086e00000)
 Metaspace       used 83660K, capacity 88092K, committed 88232K, reserved 1126400K
  class space    used 11291K, capacity 12123K, committed 12208K, reserved 1048576K
Event: 95.393 GC heap after
Heap after GC invocations=43 (full 3):
 PSYoungGen      total 320000K, used 5488K [0x00000000d5580000, 0x00000000ea280000, 0x0000000100000000)
  eden space 302080K, 0% used [0x00000000d5580000,0x00000000d5580000,0x00000000e7c80000)
  from space 17920K, 30% used [0x00000000e9100000,0x00000000e965c250,0x00000000ea280000)
  to   space 19456K, 0% used [0x00000000e7c80000,0x00000000e7c80000,0x00000000e8f80000)
 ParOldGen       total 112640K, used 98088K [0x0000000080000000, 0x0000000086e00000, 0x00000000d5580000)
  object space 112640K, 87% used [0x0000000080000000,0x0000000085fca1e0,0x0000000086e00000)
 Metaspace       used 83660K, capacity 88092K, committed 88232K, reserved 1126400K
  class space    used 11291K, capacity 12123K, committed 12208K, reserved 1048576K
}
Event: 99.141 GC heap before
{Heap before GC invocations=44 (full 3):
 PSYoungGen      total 320000K, used 307568K [0x00000000d5580000, 0x00000000ea280000, 0x0000000100000000)
  eden space 302080K, 100% used [0x00000000d5580000,0x00000000e7c80000,0x00000000e7c80000)
  from space 17920K, 30% used [0x00000000e9100000,0x00000000e965c250,0x00000000ea280000)
  to   space 19456K, 0% used [0x00000000e7c80000,0x00000000e7c80000,0x00000000e8f80000)
 ParOldGen       total 112640K, used 98088K [0x0000000080000000, 0x0000000086e00000, 0x00000000d5580000)
  object space 112640K, 87% used [0x0000000080000000,0x0000000085fca1e0,0x0000000086e00000)
 Metaspace       used 84305K, capacity 88784K, committed 89000K, reserved 1126400K
  class space    used 11348K, capacity 12183K, committed 12208K, reserved 1048576K
Event: 99.236 GC heap after
Heap after GC invocations=44 (full 3):
 PSYoungGen      total 321536K, used 19444K [0x00000000d5580000, 0x00000000ed380000, 0x0000000100000000)
  eden space 302080K, 0% used [0x00000000d5580000,0x00000000d5580000,0x00000000e7c80000)
  from space 19456K, 99% used [0x00000000e7c80000,0x00000000e8f7d030,0x00000000e8f80000)
  to   space 25088K, 0% used [0x00000000ebb00000,0x00000000ebb00000,0x00000000ed380000)
 ParOldGen       total 112640K, used 103746K [0x0000000080000000, 0x0000000086e00000, 0x00000000d5580000)
  object space 112640K, 92% used [0x0000000080000000,0x0000000086550bf8,0x0000000086e00000)
 Metaspace       used 84305K, capacity 88784K, committed 89000K, reserved 1126400K
  class space    used 11348K, capacity 12183K, committed 12208K, reserved 1048576K
}
Event: 99.236 GC heap before
{Heap before GC invocations=45 (full 4):
 PSYoungGen      total 321536K, used 19444K [0x00000000d5580000, 0x00000000ed380000, 0x0000000100000000)
  eden space 302080K, 0% used [0x00000000d5580000,0x00000000d5580000,0x00000000e7c80000)
  from space 19456K, 99% used [0x00000000e7c80000,0x00000000e8f7d030,0x00000000e8f80000)
  to   space 25088K, 0% used [0x00000000ebb00000,0x00000000ebb00000,0x00000000ed380000)
 ParOldGen       total 112640K, used 103746K [0x0000000080000000, 0x0000000086e00000, 0x00000000d5580000)
  object space 112640K, 92% used [0x0000000080000000,0x0000000086550bf8,0x0000000086e00000)
 Metaspace       used 84305K, capacity 88784K, committed 89000K, reserved 1126400K
  class space    used 11348K, capacity 12183K, committed 12208K, reserved 1048576K
Event: 99.762 GC heap after
Heap after GC invocations=45 (full 4):
 PSYoungGen      total 321536K, used 0K [0x00000000d5580000, 0x00000000ed380000, 0x0000000100000000)
  eden space 302080K, 0% used [0x00000000d5580000,0x00000000d5580000,0x00000000e7c80000)
  from space 19456K, 0% used [0x00000000e7c80000,0x00000000e7c80000,0x00000000e8f80000)
  to   space 25088K, 0% used [0x00000000ebb00000,0x00000000ebb00000,0x00000000ed380000)
 ParOldGen       total 181248K, used 75952K [0x0000000080000000, 0x000000008b100000, 0x00000000d5580000)
  object space 181248K, 41% used [0x0000000080000000,0x0000000084a2c2d8,0x000000008b100000)
 Metaspace       used 83915K, capacity 87716K, committed 89000K, reserved 1126400K
  class space    used 11214K, capacity 11949K, committed 12208K, reserved 1048576K
}
Event: 693.503 GC heap before
{Heap before GC invocations=46 (full 4):
 PSYoungGen      total 321536K, used 302080K [0x00000000d5580000, 0x00000000ed380000, 0x0000000100000000)
  eden space 302080K, 100% used [0x00000000d5580000,0x00000000e7c80000,0x00000000e7c80000)
  from space 19456K, 0% used [0x00000000e7c80000,0x00000000e7c80000,0x00000000e8f80000)
  to   space 25088K, 0% used [0x00000000ebb00000,0x00000000ebb00000,0x00000000ed380000)
 ParOldGen       total 181248K, used 75952K [0x0000000080000000, 0x000000008b100000, 0x00000000d5580000)
  object space 181248K, 41% used [0x0000000080000000,0x0000000084a2c2d8,0x000000008b100000)
 Metaspace       used 91187K, capacity 95410K, committed 95912K, reserved 1132544K
  class space    used 12010K, capacity 12802K, committed 12976K, reserved 1048576K
Event: 693.892 GC heap after
Heap after GC invocations=46 (full 4):
 PSYoungGen      total 361472K, used 24319K [0x00000000d5580000, 0x00000000ed980000, 0x0000000100000000)
  eden space 336384K, 0% used [0x00000000d5580000,0x00000000d5580000,0x00000000e9e00000)
  from space 25088K, 96% used [0x00000000ebb00000,0x00000000ed2bfe68,0x00000000ed380000)
  to   space 29696K, 0% used [0x00000000e9e00000,0x00000000e9e00000,0x00000000ebb00000)
 ParOldGen       total 181248K, used 75960K [0x0000000080000000, 0x000000008b100000, 0x00000000d5580000)
  object space 181248K, 41% used [0x0000000080000000,0x0000000084a2e2d8,0x000000008b100000)
 Metaspace       used 91187K, capacity 95410K, committed 95912K, reserved 1132544K
  class space    used 12010K, capacity 12802K, committed 12976K, reserved 1048576K
}
Event: 1305.922 GC heap before
{Heap before GC invocations=47 (full 4):
 PSYoungGen      total 361472K, used 360703K [0x00000000d5580000, 0x00000000ed980000, 0x0000000100000000)
  eden space 336384K, 100% used [0x00000000d5580000,0x00000000e9e00000,0x00000000e9e00000)
  from space 25088K, 96% used [0x00000000ebb00000,0x00000000ed2bfe68,0x00000000ed380000)
  to   space 29696K, 0% used [0x00000000e9e00000,0x00000000e9e00000,0x00000000ebb00000)
 ParOldGen       total 181248K, used 75960K [0x0000000080000000, 0x000000008b100000, 0x00000000d5580000)
  object space 181248K, 41% used [0x0000000080000000,0x0000000084a2e2d8,0x000000008b100000)
 Metaspace       used 92218K, capacity 96800K, committed 96936K, reserved 1132544K
  class space    used 12077K, capacity 12944K, committed 12976K, reserved 1048576K
Event: 1306.101 GC heap after
Heap after GC invocations=47 (full 4):
 PSYoungGen      total 366080K, used 14455K [0x00000000d5580000, 0x00000000efa00000, 0x0000000100000000)
  eden space 336384K, 0% used [0x00000000d5580000,0x00000000d5580000,0x00000000e9e00000)
  from space 29696K, 48% used [0x00000000e9e00000,0x00000000eac1ddb8,0x00000000ebb00000)
  to   space 29696K, 0% used [0x00000000edd00000,0x00000000edd00000,0x00000000efa00000)
 ParOldGen       total 181248K, used 81169K [0x0000000080000000, 0x000000008b100000, 0x00000000d5580000)
  object space 181248K, 44% used [0x0000000080000000,0x0000000084f44450,0x000000008b100000)
 Metaspace       used 92218K, capacity 96800K, committed 96936K, reserved 1132544K
  class space    used 12077K, capacity 12944K, committed 12976K, reserved 1048576K
}

