# JRE version: OpenJDK Runtime Environment (8.0_242-b01) (build 1.8.0_242-release-1644-b01)
# Java VM: OpenJDK 64-Bit Server VM (25.242-b01 mixed mode windows-amd64 compressed oops)
Heap:
 PSYoungGen      total 308736K, used 184296K [0x00000000d5580000, 0x00000000edf80000, 0x0000000100000000)
  eden space 240128K, 52% used [0x00000000d5580000,0x00000000dd0114b0,0x00000000e4000000)
  from space 68608K, 85% used [0x00000000e8b80000,0x00000000ec4e8cc8,0x00000000ece80000)
  to   space 77312K, 0% used [0x00000000e4000000,0x00000000e4000000,0x00000000e8b80000)
 ParOldGen       total 223232K, used 133013K [0x0000000080000000, 0x000000008da00000, 0x00000000d5580000)
  object space 223232K, 59% used [0x0000000080000000,0x00000000881e57c0,0x000000008da00000)
 Metaspace       used 92948K, capacity 98360K, committed 98600K, reserved 1134592K
  class space    used 12072K, capacity 13035K, committed 13104K, reserved 1048576K
GC Heap History (10 events):
Event: 15138.469 GC heap before
{Heap before GC invocations=70 (full 5):
 PSYoungGen      total 242688K, used 229782K [0x00000000d5580000, 0x00000000e8780000, 0x0000000100000000)
  eden space 189952K, 100% used [0x00000000d5580000,0x00000000e0f00000,0x00000000e0f00000)
  from space 52736K, 75% used [0x00000000e4800000,0x00000000e6ee59e8,0x00000000e7b80000)
  to   space 58368K, 0% used [0x00000000e0f00000,0x00000000e0f00000,0x00000000e4800000)
 ParOldGen       total 215552K, used 168389K [0x0000000080000000, 0x000000008d280000, 0x00000000d5580000)
  object space 215552K, 78% used [0x0000000080000000,0x000000008a4714a0,0x000000008d280000)
 Metaspace       used 92096K, capacity 96638K, committed 96808K, reserved 1132544K
  class space    used 11948K, capacity 12808K, committed 12848K, reserved 1048576K
Event: 15139.045 GC heap after
Heap after GC invocations=70 (full 5):
 PSYoungGen      total 248320K, used 18619K [0x00000000d5580000, 0x00000000e9c80000, 0x0000000100000000)
  eden space 189952K, 0% used [0x00000000d5580000,0x00000000d5580000,0x00000000e0f00000)
  from space 58368K, 31% used [0x00000000e0f00000,0x00000000e212ef80,0x00000000e4800000)
  to   space 54272K, 0% used [0x00000000e6780000,0x00000000e6780000,0x00000000e9c80000)
 ParOldGen       total 215552K, used 171950K [0x0000000080000000, 0x000000008d280000, 0x00000000d5580000)
  object space 215552K, 79% used [0x0000000080000000,0x000000008a7eb890,0x000000008d280000)
 Metaspace       used 92096K, capacity 96638K, committed 96808K, reserved 1132544K
  class space    used 11948K, capacity 12808K, committed 12848K, reserved 1048576K
}
Event: 15147.007 GC heap before
{Heap before GC invocations=71 (full 5):
 PSYoungGen      total 248320K, used 208571K [0x00000000d5580000, 0x00000000e9c80000, 0x0000000100000000)
  eden space 189952K, 100% used [0x00000000d5580000,0x00000000e0f00000,0x00000000e0f00000)
  from space 58368K, 31% used [0x00000000e0f00000,0x00000000e212ef80,0x00000000e4800000)
  to   space 54272K, 0% used [0x00000000e6780000,0x00000000e6780000,0x00000000e9c80000)
 ParOldGen       total 215552K, used 171950K [0x0000000080000000, 0x000000008d280000, 0x00000000d5580000)
  object space 215552K, 79% used [0x0000000080000000,0x000000008a7eb890,0x000000008d280000)
 Metaspace       used 92107K, capacity 96706K, committed 96808K, reserved 1132544K
  class space    used 11948K, capacity 12808K, committed 12848K, reserved 1048576K
Event: 15149.908 GC heap after
Heap after GC invocations=71 (full 5):
 PSYoungGen      total 262656K, used 54268K [0x00000000d5580000, 0x00000000ec080000, 0x0000000100000000)
  eden space 208384K, 0% used [0x00000000d5580000,0x00000000d5580000,0x00000000e2100000)
  from space 54272K, 99% used [0x00000000e6780000,0x00000000e9c7f3b0,0x00000000e9c80000)
  to   space 72192K, 0% used [0x00000000e2100000,0x00000000e2100000,0x00000000e6780000)
 ParOldGen       total 215552K, used 193715K [0x0000000080000000, 0x000000008d280000, 0x00000000d5580000)
  object space 215552K, 89% used [0x0000000080000000,0x000000008bd2ce38,0x000000008d280000)
 Metaspace       used 92107K, capacity 96706K, committed 96808K, reserved 1132544K
  class space    used 11948K, capacity 12808K, committed 12848K, reserved 1048576K
}
Event: 15149.951 GC heap before
{Heap before GC invocations=72 (full 6):
 PSYoungGen      total 262656K, used 54268K [0x00000000d5580000, 0x00000000ec080000, 0x0000000100000000)
  eden space 208384K, 0% used [0x00000000d5580000,0x00000000d5580000,0x00000000e2100000)
  from space 54272K, 99% used [0x00000000e6780000,0x00000000e9c7f3b0,0x00000000e9c80000)
  to   space 72192K, 0% used [0x00000000e2100000,0x00000000e2100000,0x00000000e6780000)
 ParOldGen       total 215552K, used 193715K [0x0000000080000000, 0x000000008d280000, 0x00000000d5580000)
  object space 215552K, 89% used [0x0000000080000000,0x000000008bd2ce38,0x000000008d280000)
 Metaspace       used 92107K, capacity 96706K, committed 96808K, reserved 1132544K
  class space    used 11948K, capacity 12808K, committed 12848K, reserved 1048576K
Event: 15192.131 GC heap after
Heap after GC invocations=72 (full 6):
 PSYoungGen      total 262656K, used 0K [0x00000000d5580000, 0x00000000ec080000, 0x0000000100000000)
  eden space 208384K, 0% used [0x00000000d5580000,0x00000000d5580000,0x00000000e2100000)
  from space 54272K, 0% used [0x00000000e6780000,0x00000000e6780000,0x00000000e9c80000)
  to   space 72192K, 0% used [0x00000000e2100000,0x00000000e2100000,0x00000000e6780000)
 ParOldGen       total 223232K, used 114763K [0x0000000080000000, 0x000000008da00000, 0x00000000d5580000)
  object space 223232K, 51% used [0x0000000080000000,0x0000000087012dd0,0x000000008da00000)
 Metaspace       used 92107K, capacity 96706K, committed 96808K, reserved 1132544K
  class space    used 11948K, capacity 12808K, committed 12848K, reserved 1048576K
}
Event: 15479.372 GC heap before
{Heap before GC invocations=73 (full 6):
 PSYoungGen      total 262656K, used 208384K [0x00000000d5580000, 0x00000000ec080000, 0x0000000100000000)
  eden space 208384K, 100% used [0x00000000d5580000,0x00000000e2100000,0x00000000e2100000)
  from space 54272K, 0% used [0x00000000e6780000,0x00000000e6780000,0x00000000e9c80000)
  to   space 72192K, 0% used [0x00000000e2100000,0x00000000e2100000,0x00000000e6780000)
 ParOldGen       total 223232K, used 114763K [0x0000000080000000, 0x000000008da00000, 0x00000000d5580000)
  object space 223232K, 51% used [0x0000000080000000,0x0000000087012dd0,0x000000008da00000)
 Metaspace       used 92634K, capacity 97760K, committed 97960K, reserved 1134592K
  class space    used 12038K, capacity 12973K, committed 12976K, reserved 1048576K
Event: 15479.609 GC heap after
Heap after GC invocations=73 (full 6):
 PSYoungGen      total 280576K, used 26501K [0x00000000d5580000, 0x00000000ece80000, 0x0000000100000000)
  eden space 208384K, 0% used [0x00000000d5580000,0x00000000d5580000,0x00000000e2100000)
  from space 72192K, 36% used [0x00000000e2100000,0x00000000e3ae14a8,0x00000000e6780000)
  to   space 68608K, 0% used [0x00000000e8b80000,0x00000000e8b80000,0x00000000ece80000)
 ParOldGen       total 223232K, used 114771K [0x0000000080000000, 0x000000008da00000, 0x00000000d5580000)
  object space 223232K, 51% used [0x0000000080000000,0x0000000087014dd0,0x000000008da00000)
 Metaspace       used 92634K, capacity 97760K, committed 97960K, reserved 1134592K
  class space    used 12038K, capacity 12973K, committed 12976K, reserved 1048576K
}
Event: 15487.338 GC heap before
{Heap before GC invocations=74 (full 6):
 PSYoungGen      total 280576K, used 234885K [0x00000000d5580000, 0x00000000ece80000, 0x0000000100000000)
  eden space 208384K, 100% used [0x00000000d5580000,0x00000000e2100000,0x00000000e2100000)
  from space 72192K, 36% used [0x00000000e2100000,0x00000000e3ae14a8,0x00000000e6780000)
  to   space 68608K, 0% used [0x00000000e8b80000,0x00000000e8b80000,0x00000000ece80000)
 ParOldGen       total 223232K, used 114771K [0x0000000080000000, 0x000000008da00000, 0x00000000d5580000)
  object space 223232K, 51% used [0x0000000080000000,0x0000000087014dd0,0x000000008da00000)
 Metaspace       used 92908K, capacity 98206K, committed 98344K, reserved 1134592K
  class space    used 12064K, capacity 13020K, committed 13104K, reserved 1048576K
Event: 15488.729 GC heap after
Heap after GC invocations=74 (full 6):
 PSYoungGen      total 308736K, used 58787K [0x00000000d5580000, 0x00000000edf80000, 0x0000000100000000)
  eden space 240128K, 0% used [0x00000000d5580000,0x00000000d5580000,0x00000000e4000000)
  from space 68608K, 85% used [0x00000000e8b80000,0x00000000ec4e8cc8,0x00000000ece80000)
  to   space 77312K, 0% used [0x00000000e4000000,0x00000000e4000000,0x00000000e8b80000)
 ParOldGen       total 223232K, used 133013K [0x0000000080000000, 0x000000008da00000, 0x00000000d5580000)
  object space 223232K, 59% used [0x0000000080000000,0x00000000881e57c0,0x000000008da00000)
 Metaspace       used 92908K, capacity 98206K, committed 98344K, reserved 1134592K
  class space    used 12064K, capacity 13020K, committed 13104K, reserved 1048576K
}

