# JRE version: OpenJDK Runtime Environment (8.0_242-b01) (build 1.8.0_242-release-1644-b01)
# Java VM: OpenJDK 64-Bit Server VM (25.242-b01 mixed mode windows-amd64 compressed oops)
Heap:
 PSYoungGen      total 179712K, used 113399K [0x00000000d5580000, 0x00000000e8080000, 0x0000000100000000)
  eden space 128512K, 48% used [0x00000000d5580000,0x00000000d923e858,0x00000000dd300000)
  from space 51200K, 99% used [0x00000000e1880000,0x00000000e4a7f6a0,0x00000000e4a80000)
  to   space 71168K, 0% used [0x00000000dd300000,0x00000000dd300000,0x00000000e1880000)
 ParOldGen       total 152064K, used 121459K [0x0000000080000000, 0x0000000089480000, 0x00000000d5580000)
  object space 152064K, 79% used [0x0000000080000000,0x000000008769ceb8,0x0000000089480000)
 Metaspace       used 85706K, capacity 89608K, committed 89768K, reserved 1126400K
  class space    used 11546K, capacity 12341K, committed 12456K, reserved 1048576K
GC Heap History (10 events):
Event: 124.024 GC heap before
{Heap before GC invocations=28 (full 4):
 PSYoungGen      total 129024K, used 128441K [0x00000000d5580000, 0x00000000e2380000, 0x0000000100000000)
  eden space 113152K, 100% used [0x00000000d5580000,0x00000000dc400000,0x00000000dc400000)
  from space 15872K, 96% used [0x00000000dc400000,0x00000000dd2ee520,0x00000000dd380000)
  to   space 34816K, 0% used [0x00000000e0180000,0x00000000e0180000,0x00000000e2380000)
 ParOldGen       total 152064K, used 72041K [0x0000000080000000, 0x0000000089480000, 0x00000000d5580000)
  object space 152064K, 47% used [0x0000000080000000,0x000000008465a630,0x0000000089480000)
 Metaspace       used 67616K, capacity 70668K, committed 70952K, reserved 1110016K
  class space    used 9327K, capacity 9971K, committed 10024K, reserved 1048576K
Event: 124.147 GC heap after
Heap after GC invocations=28 (full 4):
 PSYoungGen      total 159744K, used 27446K [0x00000000d5580000, 0x00000000e1f00000, 0x0000000100000000)
  eden space 129536K, 0% used [0x00000000d5580000,0x00000000d5580000,0x00000000dd400000)
  from space 30208K, 90% used [0x00000000e0180000,0x00000000e1c4dba8,0x00000000e1f00000)
  to   space 38400K, 0% used [0x00000000dd400000,0x00000000dd400000,0x00000000df980000)
 ParOldGen       total 152064K, used 81940K [0x0000000080000000, 0x0000000089480000, 0x00000000d5580000)
  object space 152064K, 53% used [0x0000000080000000,0x0000000085005048,0x0000000089480000)
 Metaspace       used 67616K, capacity 70668K, committed 70952K, reserved 1110016K
  class space    used 9327K, capacity 9971K, committed 10024K, reserved 1048576K
}
Event: 146.452 GC heap before
{Heap before GC invocations=29 (full 4):
 PSYoungGen      total 159744K, used 156982K [0x00000000d5580000, 0x00000000e1f00000, 0x0000000100000000)
  eden space 129536K, 100% used [0x00000000d5580000,0x00000000dd400000,0x00000000dd400000)
  from space 30208K, 90% used [0x00000000e0180000,0x00000000e1c4dba8,0x00000000e1f00000)
  to   space 38400K, 0% used [0x00000000dd400000,0x00000000dd400000,0x00000000df980000)
 ParOldGen       total 152064K, used 81940K [0x0000000080000000, 0x0000000089480000, 0x00000000d5580000)
  object space 152064K, 53% used [0x0000000080000000,0x0000000085005048,0x0000000089480000)
 Metaspace       used 72889K, capacity 76194K, committed 76328K, reserved 1114112K
  class space    used 10097K, capacity 10764K, committed 10792K, reserved 1048576K
Event: 146.490 GC heap after
Heap after GC invocations=29 (full 4):
 PSYoungGen      total 167936K, used 24037K [0x00000000d5580000, 0x00000000e2d80000, 0x0000000100000000)
  eden space 129536K, 0% used [0x00000000d5580000,0x00000000d5580000,0x00000000dd400000)
  from space 38400K, 62% used [0x00000000dd400000,0x00000000deb79480,0x00000000df980000)
  to   space 39936K, 0% used [0x00000000e0680000,0x00000000e0680000,0x00000000e2d80000)
 ParOldGen       total 152064K, used 81948K [0x0000000080000000, 0x0000000089480000, 0x00000000d5580000)
  object space 152064K, 53% used [0x0000000080000000,0x0000000085007048,0x0000000089480000)
 Metaspace       used 72889K, capacity 76194K, committed 76328K, reserved 1114112K
  class space    used 10097K, capacity 10764K, committed 10792K, reserved 1048576K
}
Event: 258.011 GC heap before
{Heap before GC invocations=30 (full 4):
 PSYoungGen      total 167936K, used 153573K [0x00000000d5580000, 0x00000000e2d80000, 0x0000000100000000)
  eden space 129536K, 100% used [0x00000000d5580000,0x00000000dd400000,0x00000000dd400000)
  from space 38400K, 62% used [0x00000000dd400000,0x00000000deb79480,0x00000000df980000)
  to   space 39936K, 0% used [0x00000000e0680000,0x00000000e0680000,0x00000000e2d80000)
 ParOldGen       total 152064K, used 81948K [0x0000000080000000, 0x0000000089480000, 0x00000000d5580000)
  object space 152064K, 53% used [0x0000000080000000,0x0000000085007048,0x0000000089480000)
 Metaspace       used 77770K, capacity 81292K, committed 81448K, reserved 1120256K
  class space    used 10524K, capacity 11221K, committed 11304K, reserved 1048576K
Event: 258.052 GC heap after
Heap after GC invocations=30 (full 4):
 PSYoungGen      total 179200K, used 24787K [0x00000000d5580000, 0x00000000e2d80000, 0x0000000100000000)
  eden space 139264K, 0% used [0x00000000d5580000,0x00000000d5580000,0x00000000ddd80000)
  from space 39936K, 62% used [0x00000000e0680000,0x00000000e1eb4cb0,0x00000000e2d80000)
  to   space 40960K, 0% used [0x00000000ddd80000,0x00000000ddd80000,0x00000000e0580000)
 ParOldGen       total 152064K, used 81956K [0x0000000080000000, 0x0000000089480000, 0x00000000d5580000)
  object space 152064K, 53% used [0x0000000080000000,0x0000000085009048,0x0000000089480000)
 Metaspace       used 77770K, capacity 81292K, committed 81448K, reserved 1120256K
  class space    used 10524K, capacity 11221K, committed 11304K, reserved 1048576K
}
Event: 323.876 GC heap before
{Heap before GC invocations=31 (full 4):
 PSYoungGen      total 179200K, used 164051K [0x00000000d5580000, 0x00000000e2d80000, 0x0000000100000000)
  eden space 139264K, 100% used [0x00000000d5580000,0x00000000ddd80000,0x00000000ddd80000)
  from space 39936K, 62% used [0x00000000e0680000,0x00000000e1eb4cb0,0x00000000e2d80000)
  to   space 40960K, 0% used [0x00000000ddd80000,0x00000000ddd80000,0x00000000e0580000)
 ParOldGen       total 152064K, used 81956K [0x0000000080000000, 0x0000000089480000, 0x00000000d5580000)
  object space 152064K, 53% used [0x0000000080000000,0x0000000085009048,0x0000000089480000)
 Metaspace       used 85541K, capacity 89432K, committed 89768K, reserved 1126400K
  class space    used 11540K, capacity 12333K, committed 12456K, reserved 1048576K
Event: 324.006 GC heap after
Heap after GC invocations=31 (full 4):
 PSYoungGen      total 180224K, used 40932K [0x00000000d5580000, 0x00000000e4a80000, 0x0000000100000000)
  eden space 139264K, 0% used [0x00000000d5580000,0x00000000d5580000,0x00000000ddd80000)
  from space 40960K, 99% used [0x00000000ddd80000,0x00000000e05792d0,0x00000000e0580000)
  to   space 51200K, 0% used [0x00000000e1880000,0x00000000e1880000,0x00000000e4a80000)
 ParOldGen       total 152064K, used 91045K [0x0000000080000000, 0x0000000089480000, 0x00000000d5580000)
  object space 152064K, 59% used [0x0000000080000000,0x00000000858e9780,0x0000000089480000)
 Metaspace       used 85541K, capacity 89432K, committed 89768K, reserved 1126400K
  class space    used 11540K, capacity 12333K, committed 12456K, reserved 1048576K
}
Event: 328.640 GC heap before
{Heap before GC invocations=32 (full 4):
 PSYoungGen      total 180224K, used 180196K [0x00000000d5580000, 0x00000000e4a80000, 0x0000000100000000)
  eden space 139264K, 100% used [0x00000000d5580000,0x00000000ddd80000,0x00000000ddd80000)
  from space 40960K, 99% used [0x00000000ddd80000,0x00000000e05792d0,0x00000000e0580000)
  to   space 51200K, 0% used [0x00000000e1880000,0x00000000e1880000,0x00000000e4a80000)
 ParOldGen       total 152064K, used 91045K [0x0000000080000000, 0x0000000089480000, 0x00000000d5580000)
  object space 152064K, 59% used [0x0000000080000000,0x00000000858e9780,0x0000000089480000)
 Metaspace       used 85555K, capacity 89496K, committed 89768K, reserved 1126400K
  class space    used 11540K, capacity 12333K, committed 12456K, reserved 1048576K
Event: 329.235 GC heap after
Heap after GC invocations=32 (full 4):
 PSYoungGen      total 179712K, used 51197K [0x00000000d5580000, 0x00000000e8080000, 0x0000000100000000)
  eden space 128512K, 0% used [0x00000000d5580000,0x00000000d5580000,0x00000000dd300000)
  from space 51200K, 99% used [0x00000000e1880000,0x00000000e4a7f6a0,0x00000000e4a80000)
  to   space 71168K, 0% used [0x00000000dd300000,0x00000000dd300000,0x00000000e1880000)
 ParOldGen       total 152064K, used 121459K [0x0000000080000000, 0x0000000089480000, 0x00000000d5580000)
  object space 152064K, 79% used [0x0000000080000000,0x000000008769ceb8,0x0000000089480000)
 Metaspace       used 85555K, capacity 89496K, committed 89768K, reserved 1126400K
  class space    used 11540K, capacity 12333K, committed 12456K, reserved 1048576K
}

